#
# There is insufficient memory for the Java Runtime Environment to continue.
# Native memory allocation (mmap) failed to map 132120576 bytes for G1 virtual space
# Possible reasons:
#   The system is out of physical RAM or swap space
#   The process is running with CompressedOops enabled, and the Java Heap may be blocking the growth of the native heap
# Possible solutions:
#   Reduce memory load on the system
#   Increase physical memory or swap space
#   Check if swap backing store is full
#   Decrease Java heap size (-Xmx/-Xms)
#   Decrease number of Java threads
#   Decrease Java thread stack sizes (-Xss)
#   Set larger code cache with -XX:ReservedCodeCacheSize=
#   JVM is running with Unscaled Compressed Oops mode in which the Java heap is
#     placed in the first 4GB address space. The Java Heap base address is the
#     maximum limit for the native heap growth. Please use -XX:HeapBaseMinAddress
#     to set the Java Heap base and to place the Java Heap above 4GB virtual address.
# This output file may be truncated or incomplete.
#
#  Out of Memory Error (os_windows.cpp:3617), pid=17308, tid=21632
#
# JRE version:  (17.0.8.1+1) (build )
# Java VM: OpenJDK 64-Bit Server VM (17.0.8.1+1, mixed mode, sharing, tiered, compressed oops, compressed class ptrs, g1 gc, windows-amd64)
# No core dump will be written. Minidumps are not enabled by default on client versions of Windows
#

---------------  S U M M A R Y ------------

Command Line: -ea -Dfile.encoding=UTF-8 -Dstdout.encoding=UTF-8 -Dstderr.encoding=UTF-8 -XX:+ShowCodeDetailsInExceptionMessages learnselenium.day1.JavaCodeLearning

Host: Intel(R) Core(TM)2 Quad CPU    Q8400  @ 2.66GHz, 4 cores, 7G,  Windows 10 , 64 bit Build 19041 (10.0.19041.3393)
Time: Mon Oct  2 18:05:02 2023 India Standard Time elapsed time: 0.162859 seconds (0d 0h 0m 0s)

---------------  T H R E A D  ---------------

Current thread (0x000001ee44358fe0):  JavaThread "Unknown thread" [_thread_in_vm, id=21632, stack(0x000000e631a00000,0x000000e631b00000)]

Stack: [0x000000e631a00000,0x000000e631b00000]
Native frames: (J=compiled Java code, j=interpreted, Vv=VM code, C=native code)
V  [jvm.dll+0x678b0a]
V  [jvm.dll+0x835e84]
V  [jvm.dll+0x83762e]
V  [jvm.dll+0x837c93]
V  [jvm.dll+0x24746f]
V  [jvm.dll+0x675859]
V  [jvm.dll+0x66a0ea]
V  [jvm.dll+0x306c7b]
V  [jvm.dll+0x30e166]
V  [jvm.dll+0x35dd3e]
V  [jvm.dll+0x35df6f]
V  [jvm.dll+0x2ddb48]
V  [jvm.dll+0x2deab4]
V  [jvm.dll+0x807f31]
V  [jvm.dll+0x36bb21]
V  [jvm.dll+0x7e733c]
V  [jvm.dll+0x3ee4af]
V  [jvm.dll+0x3f00c1]
C  [jli.dll+0x528b]
C  [ucrtbase.dll+0x21bb2]
C  [KERNEL32.DLL+0x17344]
C  [ntdll.dll+0x526b1]


---------------  P R O C E S S  ---------------

Threads class SMR info:
_java_thread_list=0x00007fff960aa018, length=0, elements={
}

Java Threads: ( => current thread )

Other Threads:
  0x000001ee443b0fa0 GCTaskThread "GC Thread#0" [stack: 0x000000e631b00000,0x000000e631c00000] [id=21300]
  0x000001ee443c38d0 ConcurrentGCThread "G1 Main Marker" [stack: 0x000000e631c00000,0x000000e631d00000] [id=21712]
  0x000001ee443c42e0 ConcurrentGCThread "G1 Conc#0" [stack: 0x000000e631d00000,0x000000e631e00000] [id=21308]

[error occurred during error reporting (printing all threads), id 0xc0000005, EXCEPTION_ACCESS_VIOLATION (0xc0000005) at pc=0x00007fff9587e587]

VM state: not at safepoint (not fully initialized)

VM Mutex/Monitor currently owned by a thread:  ([mutex/lock_event])
[0x000001ee44353f80] Heap_lock - owner thread: 0x000001ee44358fe0

Heap address: 0x0000000082800000, size: 2008 MB, Compressed Oops mode: 32-bit

CDS archive(s) mapped at: [0x0000000000000000-0x0000000000000000-0x0000000000000000), size 0, SharedBaseAddress: 0x0000000800000000, ArchiveRelocationMode: 1.
Narrow klass base: 0x0000000000000000, Narrow klass shift: 0, Narrow klass range: 0x0

GC Precious Log:
<Empty>

Heap:
 garbage-first heap   total 0K, used 0K [0x0000000082800000, 0x0000000100000000)
  region size 1024K, 0 young (0K), 0 survivors (0K)

[error occurred during error reporting (printing heap information), id 0xc0000005, EXCEPTION_ACCESS_VIOLATION (0xc0000005) at pc=0x00007fff95c62699]

GC Heap History (0 events):
No events

Dll operation events (1 events):
Event: 0.038 Loaded shared library C:\Users\Manojns\.p2\pool\plugins\org.eclipse.justj.openjdk.hotspot.jre.full.win32.x86_64_17.0.8.v20230831-1047\jre\bin\java.dll

Deoptimization events (0 events):
No events

Classes unloaded (0 events):
No events

Classes redefined (0 events):
No events

Internal exceptions (0 events):
No events

VM Operations (0 events):
No events

Events (0 events):
No events


Dynamic libraries:
0x00007ff71c4d0000 - 0x00007ff71c4de000 	C:\Users\Manojns\.p2\pool\plugins\org.eclipse.justj.openjdk.hotspot.jre.full.win32.x86_64_17.0.8.v20230831-1047\jre\bin\javaw.exe
0x00007fffe8c50000 - 0x00007fffe8e48000 	C:\WINDOWS\SYSTEM32\ntdll.dll
0x00007fffe8b50000 - 0x00007fffe8c0d000 	C:\WINDOWS\System32\KERNEL32.DLL
0x00007fffe66b0000 - 0x00007fffe69a6000 	C:\WINDOWS\System32\KERNELBASE.dll
0x000000006f810000 - 0x000000006fb41000 	C:\Program Files\Norton Security with Backup\NortonData\22.9.3.13\Definitions\IPSDefs\20230929.064\IPSEng64.dll
0x00007fffe6eb0000 - 0x00007fffe6f5e000 	C:\WINDOWS\System32\ADVAPI32.dll
0x00007fffe75b0000 - 0x00007fffe764e000 	C:\WINDOWS\System32\msvcrt.dll
0x00007fffe7870000 - 0x00007fffe790c000 	C:\WINDOWS\System32\sechost.dll
0x00007fffe8a20000 - 0x00007fffe8b46000 	C:\WINDOWS\System32\RPCRT4.dll
0x00007fffe75a0000 - 0x00007fffe75a8000 	C:\WINDOWS\System32\PSAPI.DLL
0x00007fffe69b0000 - 0x00007fffe6ab0000 	C:\WINDOWS\System32\ucrtbase.dll
0x00007fffe1910000 - 0x00007fffe1929000 	C:\Users\Manojns\.p2\pool\plugins\org.eclipse.justj.openjdk.hotspot.jre.full.win32.x86_64_17.0.8.v20230831-1047\jre\bin\VCRUNTIME140.dll
0x00007fffd8a30000 - 0x00007fffd8a47000 	C:\Users\Manojns\.p2\pool\plugins\org.eclipse.justj.openjdk.hotspot.jre.full.win32.x86_64_17.0.8.v20230831-1047\jre\bin\jli.dll
0x00007fffe6f90000 - 0x00007fffe712e000 	C:\WINDOWS\System32\USER32.dll
0x00007fffe6be0000 - 0x00007fffe6c02000 	C:\WINDOWS\System32\win32u.dll
0x00007fffe81f0000 - 0x00007fffe821c000 	C:\WINDOWS\System32\GDI32.dll
0x00007fffd6b60000 - 0x00007fffd6dfa000 	C:\WINDOWS\WinSxS\amd64_microsoft.windows.common-controls_6595b64144ccf1df_6.0.19041.1110_none_60b5254171f9507e\COMCTL32.dll
0x00007fffe6330000 - 0x00007fffe644a000 	C:\WINDOWS\System32\gdi32full.dll
0x00007fffe6c10000 - 0x00007fffe6cad000 	C:\WINDOWS\System32\msvcp_win.dll
0x00007fffe6f60000 - 0x00007fffe6f90000 	C:\WINDOWS\System32\IMM32.DLL
0x00007fffe1560000 - 0x00007fffe156c000 	C:\Users\Manojns\.p2\pool\plugins\org.eclipse.justj.openjdk.hotspot.jre.full.win32.x86_64_17.0.8.v20230831-1047\jre\bin\vcruntime140_1.dll
0x00007fffc32c0000 - 0x00007fffc3351000 	C:\Users\Manojns\.p2\pool\plugins\org.eclipse.justj.openjdk.hotspot.jre.full.win32.x86_64_17.0.8.v20230831-1047\jre\bin\msvcp140.dll
0x00007fff95590000 - 0x00007fff961dc000 	C:\Users\Manojns\.p2\pool\plugins\org.eclipse.justj.openjdk.hotspot.jre.full.win32.x86_64_17.0.8.v20230831-1047\jre\bin\server\jvm.dll
0x00007fffddae0000 - 0x00007fffddb07000 	C:\WINDOWS\SYSTEM32\WINMM.dll
0x00007fffde7e0000 - 0x00007fffde7ea000 	C:\WINDOWS\SYSTEM32\VERSION.dll
0x00007fffdc230000 - 0x00007fffdc239000 	C:\WINDOWS\SYSTEM32\WSOCK32.dll
0x00007fffe6de0000 - 0x00007fffe6e4b000 	C:\WINDOWS\System32\WS2_32.dll
0x00007fffe6210000 - 0x00007fffe625b000 	C:\WINDOWS\SYSTEM32\POWRPROF.dll
0x00007fffe61a0000 - 0x00007fffe61b2000 	C:\WINDOWS\SYSTEM32\UMPDC.dll
0x00007fffe4bf0000 - 0x00007fffe4c02000 	C:\WINDOWS\SYSTEM32\kernel.appcore.dll
0x00007fffdd6e0000 - 0x00007fffdd6ea000 	C:\Users\Manojns\.p2\pool\plugins\org.eclipse.justj.openjdk.hotspot.jre.full.win32.x86_64_17.0.8.v20230831-1047\jre\bin\jimage.dll
0x00007fffdfa00000 - 0x00007fffdfbe4000 	C:\WINDOWS\SYSTEM32\DBGHELP.DLL
0x00007fffdf070000 - 0x00007fffdf0a4000 	C:\WINDOWS\SYSTEM32\dbgcore.DLL
0x00007fffe6b20000 - 0x00007fffe6ba2000 	C:\WINDOWS\System32\bcryptPrimitives.dll
0x00007fffd51f0000 - 0x00007fffd5215000 	C:\Users\Manojns\.p2\pool\plugins\org.eclipse.justj.openjdk.hotspot.jre.full.win32.x86_64_17.0.8.v20230831-1047\jre\bin\java.dll

dbghelp: loaded successfully - version: 4.0.5 - missing functions: none
symbol engine: initialized successfully - sym options: 0x614 - pdb path: .;C:\Users\Manojns\.p2\pool\plugins\org.eclipse.justj.openjdk.hotspot.jre.full.win32.x86_64_17.0.8.v20230831-1047\jre\bin;C:\WINDOWS\SYSTEM32;C:\Program Files\Norton Security with Backup\NortonData\22.9.3.13\Definitions\IPSDefs\20230929.064;C:\WINDOWS\WinSxS\amd64_microsoft.windows.common-controls_6595b64144ccf1df_6.0.19041.1110_none_60b5254171f9507e;C:\Users\Manojns\.p2\pool\plugins\org.eclipse.justj.openjdk.hotspot.jre.full.win32.x86_64_17.0.8.v20230831-1047\jre\bin\server

VM Arguments:
jvm_args: -ea -Dfile.encoding=UTF-8 -Dstdout.encoding=UTF-8 -Dstderr.encoding=UTF-8 -XX:+ShowCodeDetailsInExceptionMessages 
java_command: learnselenium.day1.JavaCodeLearning
java_class_path (initial): C:\Users\Manojns\eclipse-workspace\LearnSelenium\target\classes;C:\Users\Manojns\.p2\pool\plugins\org.junit_4.13.2.v20230809-1000.jar;C:\Users\Manojns\.p2\pool\plugins\org.hamcrest_2.2.0.jar;C:\Users\Manojns\.p2\pool\plugins\org.hamcrest.core_2.2.0.v20230809-1000.jar;C:\Users\Manojns\.p2\pool\plugins\org.testng_7.4.0.r202105021533.jar;C:\Users\Manojns\.p2\pool\plugins\com.beust.jcommander_1.78.0.jar;C:\Users\Manojns\.p2\pool\plugins\org.apache-extras.beanshell.bsh_2.0.0.b6.jar;C:\Users\Manojns\.p2\pool\plugins\org.yaml.snakeyaml_1.21.0.jar;C:\Users\Manojns\.p2\pool\plugins\org.webjars.jquery_3.5.1.jar;C:\Users\Manojns\.m2\repository\org\seleniumhq\selenium\selenium-java\4.12.1\selenium-java-4.12.1.jar;C:\Users\Manojns\.m2\repository\org\seleniumhq\selenium\selenium-api\4.12.1\selenium-api-4.12.1.jar;C:\Users\Manojns\.m2\repository\org\seleniumhq\selenium\selenium-chrome-driver\4.12.1\selenium-chrome-driver-4.12.1.jar;C:\Users\Manojns\.m2\repository\com\google\auto\service\auto-service-annotations\1.1.1\auto-service-annotations-1.1.1.jar;C:\Users\Manojns\.m2\repository\com\google\guava\guava\32.1.2-jre\guava-32.1.2-jre.jar;C:\Users\Manojns\.m2\repository\com\google\guava\failureaccess\1.0.1\failureaccess-1.0.1.jar;C:\Users\Manojns\.m2\repository\com\google\guava\listenablefuture\9999.0-empty-to-avoid-conflict-with-guava\listenablefuture-9999.0-empty-to-avoid-conflict-with-guava.jar;C:\Users\Manojns\.m2\repository\com\google\code\findbugs\jsr305\3.0.2\jsr305-3.0.2.jar;C:\Users\Manojns\.m2\repository\org\checkerframework\checker-qual\3.33.0\checker-qual-3.33.0.jar;C:\Users\Manojns\.m2\repository\com\google\errorprone\error_prone_annotations\2.18.0\error_prone_annotations-2.18.0.jar;C:\Users\Manojns\.m2\repository\com\google\j2objc\j2objc-annotations\2.8\j2objc-annotations-2.8.jar;C:\Users\Manojns\.m2\repository\org\seleniumhq\selenium\selenium-chromium-driver\4.12.1\selenium-chromium-driver-4.12.1.jar;C:\Users\Manojns\.m2\repository\org\sel
Launcher Type: SUN_STANDARD

[Global flags]
     intx CICompilerCount                          = 3                                         {product} {ergonomic}
     uint ConcGCThreads                            = 1                                         {product} {ergonomic}
     uint G1ConcRefinementThreads                  = 4                                         {product} {ergonomic}
   size_t G1HeapRegionSize                         = 1048576                                   {product} {ergonomic}
    uintx GCDrainStackTargetSize                   = 64                                        {product} {ergonomic}
   size_t InitialHeapSize                          = 132120576                                 {product} {ergonomic}
   size_t MarkStackSize                            = 4194304                                   {product} {ergonomic}
   size_t MaxHeapSize                              = 2105540608                                {product} {ergonomic}
   size_t MinHeapDeltaBytes                        = 1048576                                   {product} {ergonomic}
   size_t MinHeapSize                              = 8388608                                   {product} {ergonomic}
    uintx NonNMethodCodeHeapSize                   = 5832780                                {pd product} {ergonomic}
    uintx NonProfiledCodeHeapSize                  = 122912730                              {pd product} {ergonomic}
    uintx ProfiledCodeHeapSize                     = 122912730                              {pd product} {ergonomic}
    uintx ReservedCodeCacheSize                    = 251658240                              {pd product} {ergonomic}
     bool SegmentedCodeCache                       = true                                      {product} {ergonomic}
     bool ShowCodeDetailsInExceptionMessages       = true                                   {manageable} {command line}
   size_t SoftMaxHeapSize                          = 2105540608                             {manageable} {ergonomic}
     bool UseCompressedClassPointers               = true                           {product lp64_product} {ergonomic}
     bool UseCompressedOops                        = true                           {product lp64_product} {ergonomic}
     bool UseG1GC                                  = true                                      {product} {ergonomic}
     bool UseLargePagesIndividualAllocation        = false                                  {pd product} {ergonomic}

Logging:
Log output configuration:
 #0: stdout all=warning uptime,level,tags
 #1: stderr all=off uptime,level,tags

Environment Variables:
PATH=C:/Users/Manojns/.p2/pool/plugins/org.eclipse.justj.openjdk.hotspot.jre.full.win32.x86_64_20.0.2.v20230801-2057/jre/bin/server;C:/Users/Manojns/.p2/pool/plugins/org.eclipse.justj.openjdk.hotspot.jre.full.win32.x86_64_20.0.2.v20230801-2057/jre/bin;C:\Program Files\Common Files\Oracle\Java\javapath;C:\ProgramData\Oracle\Java\javapath;C:\WINDOWS\system32;C:\WINDOWS;C:\WINDOWS\System32\Wbem;C:\WINDOWS\System32\WindowsPowerShell\v1.0\;C:\Program Files\Microsoft SQL Server\Client SDK\ODBC\110\Tools\Binn\;C:\Program Files (x86)\Microsoft SQL Server\120\Tools\Binn\;C:\Program Files\Microsoft SQL Server\120\Tools\Binn\;C:\Program Files\Microsoft SQL Server\120\DTS\Binn\;C:\Program Files (x86)\Microsoft SQL Server\120\Tools\Binn\ManagementStudio\;C:\Program Files (x86)\Microsoft SQL Server\120\DTS\Binn\;C:\WINDOWS\system32\config\systemprofile\.dnx\bin;C:\Program Files\Microsoft DNX\Dnvm\;C:\Program Files (x86)\Windows Kits\10\Windows Performance Toolkit\;C:\Program Files\dotnet\;C:\Program Files (x86)\dotnet\;C:\WINDOWS\System32\OpenSSH\;C:\Program Files\Git\cmd;C:\Program Files\nodejs\;C:\Program Files (x86)\Microsoft SQL Server\150\Tools\Binn\;C:\Program Files\Microsoft SQL Server\150\Tools\Binn\;C:\Program Files (x86)\Microsoft SQL Server\150\DTS\Binn\;C:\Program Files\Microsoft SQL Server\150\DTS\Binn\;C:\Program Files\Azure Data Studio\bin;C:\Users\Manojns\AppData\Local\Microsoft\WindowsApps;;C:\Program Files\Azure Data Studio\bin;C:\Users\Manojns\Desktop;
USERNAME=Manojns
OS=Windows_NT
PROCESSOR_IDENTIFIER=Intel64 Family 6 Model 23 Stepping 10, GenuineIntel
TMP=C:\Users\Manojns\AppData\Local\Temp
TEMP=C:\Users\Manojns\AppData\Local\Temp



---------------  S Y S T E M  ---------------

OS:
 Windows 10 , 64 bit Build 19041 (10.0.19041.3393)
OS uptime: 2 days 4:36 hours

CPU: total 4 (initial active 4) (4 cores per cpu, 1 threads per core) family 6 model 23 stepping 10 microcode 0xa0c, cx8, cmov, fxsr, mmx, sse, sse2, sse3, ssse3, sse4.1, tsc, clflush
Processor Information for all 4 processors :
  Max Mhz: 2660, Current Mhz: 2660, Mhz Limit: 2660

Memory: 4k page, system-wide physical 8025M (786M free)
TotalPageFile size 12121M (AvailPageFile size 116M)
current process WorkingSet (physical memory assigned to process): 11M, peak: 11M
current process commit charge ("private bytes"): 52M, peak: 178M

vm_info: OpenJDK 64-Bit Server VM (17.0.8.1+1) for windows-amd64 JRE (17.0.8.1+1), built on Aug 23 2023 15:29:17 by "admin" with MS VC++ 16.7 (VS2019)

END.
